{"/Users/alexis/ActiveProjects/facility360_nodesdk/dist/model/request_context.js": {"path":"/Users/alexis/ActiveProjects/facility360_nodesdk/dist/model/request_context.js","statementMap":{"0":{"start":{"line":2,"column":0},"end":{"line":2,"column":62}},"1":{"start":{"line":3,"column":0},"end":{"line":3,"column":49}},"2":{"start":{"line":4,"column":0},"end":{"line":4,"column":40}},"3":{"start":{"line":7,"column":8},"end":{"line":7,"column":29}},"4":{"start":{"line":8,"column":8},"end":{"line":8,"column":20}},"5":{"start":{"line":11,"column":8},"end":{"line":11,"column":29}},"6":{"start":{"line":12,"column":8},"end":{"line":12,"column":20}},"7":{"start":{"line":15,"column":8},"end":{"line":15,"column":29}},"8":{"start":{"line":16,"column":8},"end":{"line":16,"column":20}},"9":{"start":{"line":19,"column":8},"end":{"line":19,"column":23}},"10":{"start":{"line":20,"column":8},"end":{"line":20,"column":20}},"11":{"start":{"line":23,"column":8},"end":{"line":23,"column":25}},"12":{"start":{"line":24,"column":8},"end":{"line":24,"column":20}},"13":{"start":{"line":27,"column":8},"end":{"line":27,"column":31}},"14":{"start":{"line":28,"column":8},"end":{"line":28,"column":20}},"15":{"start":{"line":31,"column":22},"end":{"line":31,"column":55}},"16":{"start":{"line":32,"column":8},"end":{"line":32,"column":45}},"17":{"start":{"line":35,"column":8},"end":{"line":35,"column":69}},"18":{"start":{"line":38,"column":22},"end":{"line":38,"column":79}},"19":{"start":{"line":39,"column":8},"end":{"line":41,"column":9}},"20":{"start":{"line":40,"column":12},"end":{"line":40,"column":49}},"21":{"start":{"line":42,"column":8},"end":{"line":44,"column":9}},"22":{"start":{"line":43,"column":12},"end":{"line":43,"column":49}},"23":{"start":{"line":45,"column":8},"end":{"line":47,"column":9}},"24":{"start":{"line":46,"column":12},"end":{"line":46,"column":49}},"25":{"start":{"line":48,"column":8},"end":{"line":50,"column":9}},"26":{"start":{"line":49,"column":12},"end":{"line":49,"column":51}},"27":{"start":{"line":51,"column":8},"end":{"line":53,"column":9}},"28":{"start":{"line":52,"column":12},"end":{"line":52,"column":38}},"29":{"start":{"line":54,"column":8},"end":{"line":54,"column":23}},"30":{"start":{"line":57,"column":22},"end":{"line":57,"column":26}},"31":{"start":{"line":58,"column":23},"end":{"line":58,"column":28}},"32":{"start":{"line":59,"column":8},"end":{"line":62,"column":9}},"33":{"start":{"line":60,"column":12},"end":{"line":60,"column":71}},"34":{"start":{"line":61,"column":12},"end":{"line":61,"column":28}},"35":{"start":{"line":63,"column":8},"end":{"line":66,"column":9}},"36":{"start":{"line":64,"column":12},"end":{"line":64,"column":71}},"37":{"start":{"line":65,"column":12},"end":{"line":65,"column":28}},"38":{"start":{"line":67,"column":8},"end":{"line":70,"column":9}},"39":{"start":{"line":68,"column":12},"end":{"line":68,"column":71}},"40":{"start":{"line":69,"column":12},"end":{"line":69,"column":28}},"41":{"start":{"line":71,"column":8},"end":{"line":74,"column":9}},"42":{"start":{"line":72,"column":12},"end":{"line":72,"column":65}},"43":{"start":{"line":73,"column":12},"end":{"line":73,"column":28}},"44":{"start":{"line":75,"column":8},"end":{"line":78,"column":9}},"45":{"start":{"line":76,"column":12},"end":{"line":76,"column":67}},"46":{"start":{"line":77,"column":12},"end":{"line":77,"column":28}},"47":{"start":{"line":79,"column":8},"end":{"line":81,"column":9}},"48":{"start":{"line":80,"column":12},"end":{"line":80,"column":73}},"49":{"start":{"line":82,"column":8},"end":{"line":82,"column":23}},"50":{"start":{"line":85,"column":8},"end":{"line":85,"column":35}},"51":{"start":{"line":86,"column":8},"end":{"line":86,"column":37}},"52":{"start":{"line":87,"column":8},"end":{"line":87,"column":35}},"53":{"start":{"line":88,"column":8},"end":{"line":88,"column":35}},"54":{"start":{"line":89,"column":8},"end":{"line":89,"column":29}},"55":{"start":{"line":90,"column":8},"end":{"line":90,"column":31}},"56":{"start":{"line":91,"column":8},"end":{"line":91,"column":20}},"57":{"start":{"line":94,"column":0},"end":{"line":94,"column":36}},"58":{"start":{"line":96,"column":4},"end":{"line":96,"column":43}},"59":{"start":{"line":98,"column":0},"end":{"line":98,"column":59}}},"fnMap":{"0":{"name":"(anonymous_0)","decl":{"start":{"line":6,"column":4},"end":{"line":6,"column":5}},"loc":{"start":{"line":6,"column":22},"end":{"line":9,"column":5}},"line":6},"1":{"name":"(anonymous_1)","decl":{"start":{"line":10,"column":4},"end":{"line":10,"column":5}},"loc":{"start":{"line":10,"column":22},"end":{"line":13,"column":5}},"line":10},"2":{"name":"(anonymous_2)","decl":{"start":{"line":14,"column":4},"end":{"line":14,"column":5}},"loc":{"start":{"line":14,"column":22},"end":{"line":17,"column":5}},"line":14},"3":{"name":"(anonymous_3)","decl":{"start":{"line":18,"column":4},"end":{"line":18,"column":5}},"loc":{"start":{"line":18,"column":16},"end":{"line":21,"column":5}},"line":18},"4":{"name":"(anonymous_4)","decl":{"start":{"line":22,"column":4},"end":{"line":22,"column":5}},"loc":{"start":{"line":22,"column":18},"end":{"line":25,"column":5}},"line":22},"5":{"name":"(anonymous_5)","decl":{"start":{"line":26,"column":4},"end":{"line":26,"column":5}},"loc":{"start":{"line":26,"column":24},"end":{"line":29,"column":5}},"line":26},"6":{"name":"(anonymous_6)","decl":{"start":{"line":30,"column":4},"end":{"line":30,"column":5}},"loc":{"start":{"line":30,"column":24},"end":{"line":33,"column":5}},"line":30},"7":{"name":"(anonymous_7)","decl":{"start":{"line":34,"column":4},"end":{"line":34,"column":5}},"loc":{"start":{"line":34,"column":21},"end":{"line":36,"column":5}},"line":34},"8":{"name":"(anonymous_8)","decl":{"start":{"line":37,"column":4},"end":{"line":37,"column":5}},"loc":{"start":{"line":37,"column":52},"end":{"line":55,"column":5}},"line":37},"9":{"name":"(anonymous_9)","decl":{"start":{"line":56,"column":4},"end":{"line":56,"column":5}},"loc":{"start":{"line":56,"column":26},"end":{"line":83,"column":5}},"line":56},"10":{"name":"(anonymous_10)","decl":{"start":{"line":84,"column":4},"end":{"line":84,"column":5}},"loc":{"start":{"line":84,"column":25},"end":{"line":92,"column":5}},"line":84},"11":{"name":"buildEntityUrl","decl":{"start":{"line":95,"column":9},"end":{"line":95,"column":23}},"loc":{"start":{"line":95,"column":32},"end":{"line":97,"column":1}},"line":95}},"branchMap":{"0":{"loc":{"start":{"line":37,"column":37},"end":{"line":37,"column":50}},"type":"default-arg","locations":[{"start":{"line":37,"column":45},"end":{"line":37,"column":50}}],"line":37},"1":{"loc":{"start":{"line":39,"column":8},"end":{"line":41,"column":9}},"type":"if","locations":[{"start":{"line":39,"column":8},"end":{"line":41,"column":9}},{"start":{"line":39,"column":8},"end":{"line":41,"column":9}}],"line":39},"2":{"loc":{"start":{"line":42,"column":8},"end":{"line":44,"column":9}},"type":"if","locations":[{"start":{"line":42,"column":8},"end":{"line":44,"column":9}},{"start":{"line":42,"column":8},"end":{"line":44,"column":9}}],"line":42},"3":{"loc":{"start":{"line":45,"column":8},"end":{"line":47,"column":9}},"type":"if","locations":[{"start":{"line":45,"column":8},"end":{"line":47,"column":9}},{"start":{"line":45,"column":8},"end":{"line":47,"column":9}}],"line":45},"4":{"loc":{"start":{"line":48,"column":8},"end":{"line":50,"column":9}},"type":"if","locations":[{"start":{"line":48,"column":8},"end":{"line":50,"column":9}},{"start":{"line":48,"column":8},"end":{"line":50,"column":9}}],"line":48},"5":{"loc":{"start":{"line":51,"column":8},"end":{"line":53,"column":9}},"type":"if","locations":[{"start":{"line":51,"column":8},"end":{"line":53,"column":9}},{"start":{"line":51,"column":8},"end":{"line":53,"column":9}}],"line":51},"6":{"loc":{"start":{"line":59,"column":8},"end":{"line":62,"column":9}},"type":"if","locations":[{"start":{"line":59,"column":8},"end":{"line":62,"column":9}},{"start":{"line":59,"column":8},"end":{"line":62,"column":9}}],"line":59},"7":{"loc":{"start":{"line":60,"column":26},"end":{"line":60,"column":46}},"type":"cond-expr","locations":[{"start":{"line":60,"column":37},"end":{"line":60,"column":40}},{"start":{"line":60,"column":43},"end":{"line":60,"column":46}}],"line":60},"8":{"loc":{"start":{"line":63,"column":8},"end":{"line":66,"column":9}},"type":"if","locations":[{"start":{"line":63,"column":8},"end":{"line":66,"column":9}},{"start":{"line":63,"column":8},"end":{"line":66,"column":9}}],"line":63},"9":{"loc":{"start":{"line":64,"column":26},"end":{"line":64,"column":46}},"type":"cond-expr","locations":[{"start":{"line":64,"column":37},"end":{"line":64,"column":40}},{"start":{"line":64,"column":43},"end":{"line":64,"column":46}}],"line":64},"10":{"loc":{"start":{"line":67,"column":8},"end":{"line":70,"column":9}},"type":"if","locations":[{"start":{"line":67,"column":8},"end":{"line":70,"column":9}},{"start":{"line":67,"column":8},"end":{"line":70,"column":9}}],"line":67},"11":{"loc":{"start":{"line":68,"column":26},"end":{"line":68,"column":46}},"type":"cond-expr","locations":[{"start":{"line":68,"column":37},"end":{"line":68,"column":40}},{"start":{"line":68,"column":43},"end":{"line":68,"column":46}}],"line":68},"12":{"loc":{"start":{"line":71,"column":8},"end":{"line":74,"column":9}},"type":"if","locations":[{"start":{"line":71,"column":8},"end":{"line":74,"column":9}},{"start":{"line":71,"column":8},"end":{"line":74,"column":9}}],"line":71},"13":{"loc":{"start":{"line":72,"column":26},"end":{"line":72,"column":46}},"type":"cond-expr","locations":[{"start":{"line":72,"column":37},"end":{"line":72,"column":40}},{"start":{"line":72,"column":43},"end":{"line":72,"column":46}}],"line":72},"14":{"loc":{"start":{"line":75,"column":8},"end":{"line":78,"column":9}},"type":"if","locations":[{"start":{"line":75,"column":8},"end":{"line":78,"column":9}},{"start":{"line":75,"column":8},"end":{"line":78,"column":9}}],"line":75},"15":{"loc":{"start":{"line":76,"column":26},"end":{"line":76,"column":46}},"type":"cond-expr","locations":[{"start":{"line":76,"column":37},"end":{"line":76,"column":40}},{"start":{"line":76,"column":43},"end":{"line":76,"column":46}}],"line":76},"16":{"loc":{"start":{"line":79,"column":8},"end":{"line":81,"column":9}},"type":"if","locations":[{"start":{"line":79,"column":8},"end":{"line":81,"column":9}},{"start":{"line":79,"column":8},"end":{"line":81,"column":9}}],"line":79},"17":{"loc":{"start":{"line":80,"column":26},"end":{"line":80,"column":46}},"type":"cond-expr","locations":[{"start":{"line":80,"column":37},"end":{"line":80,"column":40}},{"start":{"line":80,"column":43},"end":{"line":80,"column":46}}],"line":80}},"s":{"0":1,"1":1,"2":1,"3":1,"4":1,"5":1,"6":1,"7":1,"8":1,"9":0,"10":0,"11":0,"12":0,"13":0,"14":0,"15":0,"16":0,"17":3,"18":0,"19":0,"20":0,"21":0,"22":0,"23":0,"24":0,"25":0,"26":0,"27":0,"28":0,"29":0,"30":3,"31":3,"32":3,"33":1,"34":1,"35":3,"36":1,"37":1,"38":3,"39":1,"40":1,"41":3,"42":0,"43":0,"44":3,"45":0,"46":0,"47":3,"48":0,"49":3,"50":0,"51":0,"52":0,"53":0,"54":0,"55":0,"56":0,"57":1,"58":0,"59":1},"f":{"0":1,"1":1,"2":1,"3":0,"4":0,"5":0,"6":0,"7":3,"8":0,"9":3,"10":0,"11":0},"b":{"0":[0],"1":[0,0],"2":[0,0],"3":[0,0],"4":[0,0],"5":[0,0],"6":[1,2],"7":[0,1],"8":[1,2],"9":[0,1],"10":[1,2],"11":[0,1],"12":[0,3],"13":[0,0],"14":[0,3],"15":[0,0],"16":[0,3],"17":[0,0]},"_coverageSchema":"43e27e138ebf9cfc5966b082cf9a028302ed4184","hash":"ff82bd562b39dbbc42a9948848b49f8568a634f3"}
,"/Users/alexis/ActiveProjects/facility360_nodesdk/model/request_context.ts": {"path":"/Users/alexis/ActiveProjects/facility360_nodesdk/model/request_context.ts","statementMap":{"0":{"start":{"line":109,"column":0},"end":{"line":109,"column":16}},"1":{"start":{"line":10,"column":8},"end":{"line":10,"column":29}},"2":{"start":{"line":11,"column":8},"end":{"line":11,"column":20}},"3":{"start":{"line":15,"column":8},"end":{"line":15,"column":29}},"4":{"start":{"line":16,"column":8},"end":{"line":16,"column":20}},"5":{"start":{"line":20,"column":8},"end":{"line":20,"column":29}},"6":{"start":{"line":21,"column":8},"end":{"line":21,"column":20}},"7":{"start":{"line":25,"column":8},"end":{"line":25,"column":23}},"8":{"start":{"line":26,"column":8},"end":{"line":26,"column":20}},"9":{"start":{"line":30,"column":8},"end":{"line":30,"column":25}},"10":{"start":{"line":31,"column":8},"end":{"line":31,"column":20}},"11":{"start":{"line":35,"column":8},"end":{"line":35,"column":31}},"12":{"start":{"line":36,"column":8},"end":{"line":36,"column":20}},"13":{"start":{"line":40,"column":22},"end":{"line":40,"column":55}},"14":{"start":{"line":41,"column":8},"end":{"line":41,"column":45}},"15":{"start":{"line":45,"column":8},"end":{"line":45,"column":61}},"16":{"start":{"line":49,"column":22},"end":{"line":49,"column":71}},"17":{"start":{"line":50,"column":8},"end":{"line":52,"column":9}},"18":{"start":{"line":51,"column":12},"end":{"line":51,"column":49}},"19":{"start":{"line":53,"column":8},"end":{"line":55,"column":9}},"20":{"start":{"line":54,"column":12},"end":{"line":54,"column":49}},"21":{"start":{"line":56,"column":8},"end":{"line":58,"column":9}},"22":{"start":{"line":57,"column":12},"end":{"line":57,"column":49}},"23":{"start":{"line":59,"column":8},"end":{"line":61,"column":9}},"24":{"start":{"line":60,"column":12},"end":{"line":60,"column":51}},"25":{"start":{"line":62,"column":8},"end":{"line":64,"column":9}},"26":{"start":{"line":63,"column":12},"end":{"line":63,"column":null}},"27":{"start":{"line":65,"column":8},"end":{"line":65,"column":23}},"28":{"start":{"line":69,"column":22},"end":{"line":69,"column":26}},"29":{"start":{"line":70,"column":23},"end":{"line":70,"column":28}},"30":{"start":{"line":71,"column":8},"end":{"line":74,"column":9}},"31":{"start":{"line":72,"column":12},"end":{"line":72,"column":71}},"32":{"start":{"line":73,"column":12},"end":{"line":73,"column":null}},"33":{"start":{"line":75,"column":8},"end":{"line":78,"column":9}},"34":{"start":{"line":76,"column":12},"end":{"line":76,"column":71}},"35":{"start":{"line":77,"column":12},"end":{"line":77,"column":null}},"36":{"start":{"line":79,"column":8},"end":{"line":82,"column":9}},"37":{"start":{"line":80,"column":12},"end":{"line":80,"column":71}},"38":{"start":{"line":81,"column":12},"end":{"line":81,"column":null}},"39":{"start":{"line":83,"column":8},"end":{"line":86,"column":9}},"40":{"start":{"line":84,"column":12},"end":{"line":84,"column":65}},"41":{"start":{"line":85,"column":12},"end":{"line":85,"column":null}},"42":{"start":{"line":87,"column":8},"end":{"line":90,"column":9}},"43":{"start":{"line":88,"column":12},"end":{"line":88,"column":67}},"44":{"start":{"line":89,"column":12},"end":{"line":89,"column":null}},"45":{"start":{"line":91,"column":8},"end":{"line":93,"column":9}},"46":{"start":{"line":92,"column":12},"end":{"line":92,"column":73}},"47":{"start":{"line":94,"column":8},"end":{"line":94,"column":23}},"48":{"start":{"line":99,"column":8},"end":{"line":99,"column":35}},"49":{"start":{"line":100,"column":8},"end":{"line":100,"column":37}},"50":{"start":{"line":101,"column":8},"end":{"line":101,"column":35}},"51":{"start":{"line":102,"column":8},"end":{"line":102,"column":35}},"52":{"start":{"line":103,"column":8},"end":{"line":103,"column":29}},"53":{"start":{"line":104,"column":8},"end":{"line":104,"column":31}},"54":{"start":{"line":105,"column":8},"end":{"line":105,"column":20}},"55":{"start":{"line":1,"column":0},"end":{"line":1,"column":13}},"56":{"start":{"line":110,"column":4},"end":{"line":110,"column":35}},"57":{"start":{"line":113,"column":13},"end":{"line":113,"column":64}}},"fnMap":{"0":{"name":"(anonymous_0)","decl":{"start":{"line":9,"column":4},"end":{"line":9,"column":13}},"loc":{"start":{"line":9,"column":29},"end":{"line":12,"column":5}}},"1":{"name":"(anonymous_1)","decl":{"start":{"line":14,"column":4},"end":{"line":14,"column":13}},"loc":{"start":{"line":14,"column":28},"end":{"line":17,"column":5}}},"2":{"name":"(anonymous_2)","decl":{"start":{"line":19,"column":4},"end":{"line":19,"column":13}},"loc":{"start":{"line":19,"column":28},"end":{"line":22,"column":5}}},"3":{"name":"(anonymous_3)","decl":{"start":{"line":24,"column":4},"end":{"line":24,"column":10}},"loc":{"start":{"line":24,"column":22},"end":{"line":27,"column":5}}},"4":{"name":"(anonymous_4)","decl":{"start":{"line":29,"column":4},"end":{"line":29,"column":11}},"loc":{"start":{"line":29,"column":24},"end":{"line":32,"column":5}}},"5":{"name":"(anonymous_5)","decl":{"start":{"line":34,"column":4},"end":{"line":34,"column":14}},"loc":{"start":{"line":34,"column":30},"end":{"line":37,"column":5}}},"6":{"name":"(anonymous_6)","decl":{"start":{"line":39,"column":4},"end":{"line":39,"column":15}},"loc":{"start":{"line":39,"column":30},"end":{"line":42,"column":5}}},"7":{"name":"(anonymous_7)","decl":{"start":{"line":44,"column":4},"end":{"line":44,"column":12}},"loc":{"start":{"line":44,"column":27},"end":{"line":46,"column":5}}},"8":{"name":"(anonymous_8)","decl":{"start":{"line":48,"column":4},"end":{"line":48,"column":17}},"loc":{"start":{"line":48,"column":83},"end":{"line":66,"column":5}}},"9":{"name":"(anonymous_9)","decl":{"start":{"line":68,"column":4},"end":{"line":68,"column":19}},"loc":{"start":{"line":68,"column":32},"end":{"line":96,"column":5}}},"10":{"name":"(anonymous_10)","decl":{"start":{"line":98,"column":4},"end":{"line":98,"column":17}},"loc":{"start":{"line":98,"column":37},"end":{"line":106,"column":5}}},"11":{"name":"buildEntityUrl","decl":{"start":{"line":109,"column":16},"end":{"line":109,"column":30}},"loc":{"start":{"line":109,"column":45},"end":{"line":111,"column":1}}}},"branchMap":{"0":{"loc":{"start":{"line":48,"column":78},"end":{"line":48,"column":83}},"type":"default-arg","locations":[{"start":{"line":48,"column":78},"end":{"line":48,"column":83}}]},"1":{"loc":{"start":{"line":50,"column":8},"end":{"line":52,"column":9}},"type":"if","locations":[{"start":{"line":50,"column":8},"end":{"line":52,"column":9}},{"start":{"line":50,"column":8},"end":{"line":52,"column":9}}]},"2":{"loc":{"start":{"line":53,"column":8},"end":{"line":55,"column":9}},"type":"if","locations":[{"start":{"line":53,"column":8},"end":{"line":55,"column":9}},{"start":{"line":53,"column":8},"end":{"line":55,"column":9}}]},"3":{"loc":{"start":{"line":56,"column":8},"end":{"line":58,"column":9}},"type":"if","locations":[{"start":{"line":56,"column":8},"end":{"line":58,"column":9}},{"start":{"line":56,"column":8},"end":{"line":58,"column":9}}]},"4":{"loc":{"start":{"line":59,"column":8},"end":{"line":61,"column":9}},"type":"if","locations":[{"start":{"line":59,"column":8},"end":{"line":61,"column":9}},{"start":{"line":59,"column":8},"end":{"line":61,"column":9}}]},"5":{"loc":{"start":{"line":62,"column":8},"end":{"line":64,"column":9}},"type":"if","locations":[{"start":{"line":62,"column":8},"end":{"line":64,"column":9}},{"start":{"line":62,"column":8},"end":{"line":64,"column":9}}]},"6":{"loc":{"start":{"line":71,"column":8},"end":{"line":74,"column":9}},"type":"if","locations":[{"start":{"line":71,"column":8},"end":{"line":74,"column":9}},{"start":{"line":71,"column":8},"end":{"line":74,"column":9}}]},"7":{"loc":{"start":{"line":72,"column":37},"end":{"line":72,"column":40}},"type":"cond-expr","locations":[{"start":{"line":72,"column":37},"end":{"line":72,"column":40}},{"start":{"line":72,"column":43},"end":{"line":72,"column":46}}]},"8":{"loc":{"start":{"line":75,"column":8},"end":{"line":78,"column":9}},"type":"if","locations":[{"start":{"line":75,"column":8},"end":{"line":78,"column":9}},{"start":{"line":75,"column":8},"end":{"line":78,"column":9}}]},"9":{"loc":{"start":{"line":76,"column":37},"end":{"line":76,"column":40}},"type":"cond-expr","locations":[{"start":{"line":76,"column":37},"end":{"line":76,"column":40}},{"start":{"line":76,"column":43},"end":{"line":76,"column":46}}]},"10":{"loc":{"start":{"line":79,"column":8},"end":{"line":82,"column":9}},"type":"if","locations":[{"start":{"line":79,"column":8},"end":{"line":82,"column":9}},{"start":{"line":79,"column":8},"end":{"line":82,"column":9}}]},"11":{"loc":{"start":{"line":80,"column":37},"end":{"line":80,"column":40}},"type":"cond-expr","locations":[{"start":{"line":80,"column":37},"end":{"line":80,"column":40}},{"start":{"line":80,"column":43},"end":{"line":80,"column":46}}]},"12":{"loc":{"start":{"line":83,"column":8},"end":{"line":86,"column":9}},"type":"if","locations":[{"start":{"line":83,"column":8},"end":{"line":86,"column":9}},{"start":{"line":83,"column":8},"end":{"line":86,"column":9}}]},"13":{"loc":{"start":{"line":84,"column":37},"end":{"line":84,"column":40}},"type":"cond-expr","locations":[{"start":{"line":84,"column":37},"end":{"line":84,"column":40}},{"start":{"line":84,"column":43},"end":{"line":84,"column":46}}]},"14":{"loc":{"start":{"line":87,"column":8},"end":{"line":90,"column":9}},"type":"if","locations":[{"start":{"line":87,"column":8},"end":{"line":90,"column":9}},{"start":{"line":87,"column":8},"end":{"line":90,"column":9}}]},"15":{"loc":{"start":{"line":88,"column":37},"end":{"line":88,"column":40}},"type":"cond-expr","locations":[{"start":{"line":88,"column":37},"end":{"line":88,"column":40}},{"start":{"line":88,"column":43},"end":{"line":88,"column":46}}]},"16":{"loc":{"start":{"line":91,"column":8},"end":{"line":93,"column":9}},"type":"if","locations":[{"start":{"line":91,"column":8},"end":{"line":93,"column":9}},{"start":{"line":91,"column":8},"end":{"line":93,"column":9}}]},"17":{"loc":{"start":{"line":92,"column":37},"end":{"line":92,"column":40}},"type":"cond-expr","locations":[{"start":{"line":92,"column":37},"end":{"line":92,"column":40}},{"start":{"line":92,"column":43},"end":{"line":92,"column":46}}]}},"s":{"0":1,"1":1,"2":1,"3":1,"4":1,"5":1,"6":1,"7":0,"8":0,"9":0,"10":0,"11":0,"12":0,"13":0,"14":0,"15":3,"16":0,"17":0,"18":0,"19":0,"20":0,"21":0,"22":0,"23":0,"24":0,"25":0,"26":0,"27":0,"28":3,"29":3,"30":3,"31":1,"32":1,"33":3,"34":1,"35":1,"36":3,"37":1,"38":1,"39":3,"40":0,"41":0,"42":3,"43":0,"44":0,"45":3,"46":0,"47":3,"48":0,"49":0,"50":0,"51":0,"52":0,"53":0,"54":0,"55":1,"56":0,"57":1},"f":{"0":1,"1":1,"2":1,"3":0,"4":0,"5":0,"6":0,"7":3,"8":0,"9":3,"10":0,"11":0},"b":{"0":[0],"1":[0,0],"2":[0,0],"3":[0,0],"4":[0,0],"5":[0,0],"6":[1,2],"7":[0,1],"8":[1,2],"9":[0,1],"10":[1,2],"11":[0,1],"12":[0,3],"13":[0,0],"14":[0,3],"15":[0,0],"16":[0,3],"17":[0,0]}}
}
