TN:
SF:/Users/alexis/ActiveProjects/facility360_nodesdk/dist/model/request_context.js
FN:6,(anonymous_0)
FN:10,(anonymous_1)
FN:14,(anonymous_2)
FN:18,(anonymous_3)
FN:22,(anonymous_4)
FN:26,(anonymous_5)
FN:30,(anonymous_6)
FN:34,(anonymous_7)
FN:37,(anonymous_8)
FN:56,(anonymous_9)
FN:84,(anonymous_10)
FN:95,buildEntityUrl
FNF:12
FNH:5
FNDA:1,(anonymous_0)
FNDA:1,(anonymous_1)
FNDA:1,(anonymous_2)
FNDA:0,(anonymous_3)
FNDA:0,(anonymous_4)
FNDA:0,(anonymous_5)
FNDA:0,(anonymous_6)
FNDA:3,(anonymous_7)
FNDA:0,(anonymous_8)
FNDA:3,(anonymous_9)
FNDA:0,(anonymous_10)
FNDA:0,buildEntityUrl
DA:2,1
DA:3,1
DA:4,1
DA:7,1
DA:8,1
DA:11,1
DA:12,1
DA:15,1
DA:16,1
DA:19,0
DA:20,0
DA:23,0
DA:24,0
DA:27,0
DA:28,0
DA:31,0
DA:32,0
DA:35,3
DA:38,0
DA:39,0
DA:40,0
DA:42,0
DA:43,0
DA:45,0
DA:46,0
DA:48,0
DA:49,0
DA:51,0
DA:52,0
DA:54,0
DA:57,3
DA:58,3
DA:59,3
DA:60,1
DA:61,1
DA:63,3
DA:64,1
DA:65,1
DA:67,3
DA:68,1
DA:69,1
DA:71,3
DA:72,0
DA:73,0
DA:75,3
DA:76,0
DA:77,0
DA:79,3
DA:80,0
DA:82,3
DA:85,0
DA:86,0
DA:87,0
DA:88,0
DA:89,0
DA:90,0
DA:91,0
DA:94,1
DA:96,0
DA:98,1
LF:60
LH:27
BRDA:37,0,0,0
BRDA:39,1,0,0
BRDA:39,1,1,0
BRDA:42,2,0,0
BRDA:42,2,1,0
BRDA:45,3,0,0
BRDA:45,3,1,0
BRDA:48,4,0,0
BRDA:48,4,1,0
BRDA:51,5,0,0
BRDA:51,5,1,0
BRDA:59,6,0,1
BRDA:59,6,1,2
BRDA:60,7,0,0
BRDA:60,7,1,1
BRDA:63,8,0,1
BRDA:63,8,1,2
BRDA:64,9,0,0
BRDA:64,9,1,1
BRDA:67,10,0,1
BRDA:67,10,1,2
BRDA:68,11,0,0
BRDA:68,11,1,1
BRDA:71,12,0,0
BRDA:71,12,1,3
BRDA:72,13,0,0
BRDA:72,13,1,0
BRDA:75,14,0,0
BRDA:75,14,1,3
BRDA:76,15,0,0
BRDA:76,15,1,0
BRDA:79,16,0,0
BRDA:79,16,1,3
BRDA:80,17,0,0
BRDA:80,17,1,0
BRF:35
BRH:12
end_of_record
TN:
SF:/Users/alexis/ActiveProjects/facility360_nodesdk/model/request_context.ts
FN:9,(anonymous_0)
FN:14,(anonymous_1)
FN:19,(anonymous_2)
FN:24,(anonymous_3)
FN:29,(anonymous_4)
FN:34,(anonymous_5)
FN:39,(anonymous_6)
FN:44,(anonymous_7)
FN:48,(anonymous_8)
FN:68,(anonymous_9)
FN:98,(anonymous_10)
FN:109,buildEntityUrl
FNF:12
FNH:5
FNDA:1,(anonymous_0)
FNDA:1,(anonymous_1)
FNDA:1,(anonymous_2)
FNDA:0,(anonymous_3)
FNDA:0,(anonymous_4)
FNDA:0,(anonymous_5)
FNDA:0,(anonymous_6)
FNDA:3,(anonymous_7)
FNDA:0,(anonymous_8)
FNDA:3,(anonymous_9)
FNDA:0,(anonymous_10)
FNDA:0,buildEntityUrl
DA:1,1
DA:10,1
DA:11,1
DA:15,1
DA:16,1
DA:20,1
DA:21,1
DA:25,0
DA:26,0
DA:30,0
DA:31,0
DA:35,0
DA:36,0
DA:40,0
DA:41,0
DA:45,3
DA:49,0
DA:50,0
DA:51,0
DA:53,0
DA:54,0
DA:56,0
DA:57,0
DA:59,0
DA:60,0
DA:62,0
DA:63,0
DA:65,0
DA:69,3
DA:70,3
DA:71,3
DA:72,1
DA:73,1
DA:75,3
DA:76,1
DA:77,1
DA:79,3
DA:80,1
DA:81,1
DA:83,3
DA:84,0
DA:85,0
DA:87,3
DA:88,0
DA:89,0
DA:91,3
DA:92,0
DA:94,3
DA:99,0
DA:100,0
DA:101,0
DA:102,0
DA:103,0
DA:104,0
DA:105,0
DA:109,1
DA:110,0
DA:113,1
LF:58
LH:25
BRDA:48,0,0,0
BRDA:50,1,0,0
BRDA:50,1,1,0
BRDA:53,2,0,0
BRDA:53,2,1,0
BRDA:56,3,0,0
BRDA:56,3,1,0
BRDA:59,4,0,0
BRDA:59,4,1,0
BRDA:62,5,0,0
BRDA:62,5,1,0
BRDA:71,6,0,1
BRDA:71,6,1,2
BRDA:72,7,0,0
BRDA:72,7,1,1
BRDA:75,8,0,1
BRDA:75,8,1,2
BRDA:76,9,0,0
BRDA:76,9,1,1
BRDA:79,10,0,1
BRDA:79,10,1,2
BRDA:80,11,0,0
BRDA:80,11,1,1
BRDA:83,12,0,0
BRDA:83,12,1,3
BRDA:84,13,0,0
BRDA:84,13,1,0
BRDA:87,14,0,0
BRDA:87,14,1,3
BRDA:88,15,0,0
BRDA:88,15,1,0
BRDA:91,16,0,0
BRDA:91,16,1,3
BRDA:92,17,0,0
BRDA:92,17,1,0
BRF:35
BRH:12
end_of_record
